Build started 6/6/2015 9:39:19 AM.
     1>Project "C:\Users\Kit\Desktop\Learning Project 1\LearningProject\LearningProject\LearningProject.vcxproj" on node 2 (Build target(s)).
     1>ClCompile:
         E:\Microsoft Visual Studio\VC\bin\CL.exe /c /ZI /nologo /W3 /WX- /sdl /Od /Oy- /D _MBCS /Gm /EHsc /RTC1 /MDd /GS /fp:precise /Zc:wchar_t /Zc:forScope /Fo"Debug\\" /Fd"Debug\vc120.pdb" /Gd /TP /analyze- /errorReport:prompt core.cpp inventory.cpp mob.cpp pc.cpp position.cpp skill.cpp stats.cpp status.cpp
         status.cpp
         stats.cpp
         skill.cpp
         position.cpp
         pc.cpp
         mob.cpp
         inventory.cpp
         core.cpp
         Generating Code...
       Link:
         E:\Microsoft Visual Studio\VC\bin\link.exe /ERRORREPORT:PROMPT /OUT:"C:\Users\Kit\Desktop\Learning Project 1\LearningProject\Debug\LearningProject.exe" /INCREMENTAL /NOLOGO kernel32.lib user32.lib gdi32.lib winspool.lib comdlg32.lib advapi32.lib shell32.lib ole32.lib oleaut32.lib uuid.lib odbc32.lib odbccp32.lib /MANIFEST /MANIFESTUAC:"level='asInvoker' uiAccess='false'" /manifest:embed /DEBUG /PDB:"C:\Users\Kit\Desktop\Learning Project 1\LearningProject\Debug\LearningProject.pdb" /TLBID:1 /DYNAMICBASE /NXCOMPAT /IMPLIB:"C:\Users\Kit\Desktop\Learning Project 1\LearningProject\Debug\LearningProject.lib" /MACHINE:X86 Debug\core.obj
         Debug\inventory.obj
         Debug\mob.obj
         Debug\pc.obj
         Debug\position.obj
         Debug\skill.obj
         Debug\stats.obj
         Debug\status.obj
         LearningProject.vcxproj -> C:\Users\Kit\Desktop\Learning Project 1\LearningProject\Debug\LearningProject.exe
     1>Done Building Project "C:\Users\Kit\Desktop\Learning Project 1\LearningProject\LearningProject\LearningProject.vcxproj" (Build target(s)).

Build succeeded.

Time Elapsed 00:00:01.13
